==27155== Memcheck, a memory error detector
==27155== Copyright (C) 2002-2017, and GNU GPL'd, by Julian Seward et al.
==27155== Using Valgrind-3.13.0 and LibVEX; rerun with -h for copyright info
==27155== Command: ./main.o
==27155== Parent PID: 22445
==27155== 
==27155== Invalid read of size 4
==27155==    at 0x1095C5: SList<int>::remove(int const&) (slist.h:355)
==27155==    by 0x108DBF: main (main.cpp:50)
==27155==  Address 0x5aed118 is 8 bytes inside a block of size 16 free'd
==27155==    at 0x4C2E64B: operator delete(void*) (in /usr/lib/valgrind/vgpreload_memcheck-amd64-linux.so)
==27155==    by 0x10A446: SList<int>::deleteNode(SList<int>::Node const*) (slist.h:290)
==27155==    by 0x10A2E5: SList<int>::erase(SList<int>::Iterator) (slist.h:334)
==27155==    by 0x109797: SList<int>::remove(int const&) (slist.h:379)
==27155==    by 0x108DBF: main (main.cpp:50)
==27155==  Block was alloc'd at
==27155==    at 0x4C2D52F: operator new(unsigned long) (in /usr/lib/valgrind/vgpreload_memcheck-amd64-linux.so)
==27155==    by 0x109A1F: SList<int>::push_front(int const&) (slist.h:587)
==27155==    by 0x109184: SList<int>::insert(int const&) (slist.h:426)
==27155==    by 0x108C88: main (main.cpp:35)
==27155== 
==27155== Invalid read of size 4
==27155==    at 0x1097EF: SList<int>::remove(int const&) (slist.h:392)
==27155==    by 0x108DBF: main (main.cpp:50)
==27155==  Address 0x5aed118 is 8 bytes inside a block of size 16 free'd
==27155==    at 0x4C2E64B: operator delete(void*) (in /usr/lib/valgrind/vgpreload_memcheck-amd64-linux.so)
==27155==    by 0x10A446: SList<int>::deleteNode(SList<int>::Node const*) (slist.h:290)
==27155==    by 0x10A2E5: SList<int>::erase(SList<int>::Iterator) (slist.h:334)
==27155==    by 0x109797: SList<int>::remove(int const&) (slist.h:379)
==27155==    by 0x108DBF: main (main.cpp:50)
==27155==  Block was alloc'd at
==27155==    at 0x4C2D52F: operator new(unsigned long) (in /usr/lib/valgrind/vgpreload_memcheck-amd64-linux.so)
==27155==    by 0x109A1F: SList<int>::push_front(int const&) (slist.h:587)
==27155==    by 0x109184: SList<int>::insert(int const&) (slist.h:426)
==27155==    by 0x108C88: main (main.cpp:35)
==27155== 
==27155== 
==27155== HEAP SUMMARY:
==27155==     in use at exit: 0 bytes in 0 blocks
==27155==   total heap usage: 7 allocs, 7 frees, 73,808 bytes allocated
==27155== 
==27155== All heap blocks were freed -- no leaks are possible
==27155== 
==27155== For counts of detected and suppressed errors, rerun with: -v
==27155== ERROR SUMMARY: 3 errors from 2 contexts (suppressed: 0 from 0)
